<?xml version="1.0" encoding="UTF-8"?>
<!-- Generated by org.testng.reporters.JUnitReportReporter -->
<testsuite hostname="LAPTOP-ME53POPF" failures="0" tests="1" name="p1.Demo1" time="5.421" errors="0" timestamp="16 Aug 2021 14:55:19 GMT" skipped="0">
  <testcase classname="p1.Demo1" name="testA" time="5.421"/>
</testsuite> <!-- p1.Demo1 -->
