<?xml version="1.0" encoding="UTF-8"?>
<!-- Generated by org.testng.reporters.JUnitReportReporter -->
<testsuite hostname="LAPTOP-ME53POPF" failures="0" tests="1" name="script.Test1" time="0.008" errors="0" timestamp="19 Aug 2021 14:31:20 GMT" skipped="0">
  <testcase classname="script.Test1" name="testA" time="0.008"/>
</testsuite> <!-- script.Test1 -->
